08:29:12.828 INFO  {localhost-startStop-1} [o.s.web.context.ContextLoader] Root WebApplicationContext: initialization started
08:29:12.977 INFO  {localhost-startStop-1} [o.s.b.f.xml.XmlBeanDefinitionReader] Loading XML bean definitions from ServletContext resource [/WEB-INF/spring-probe-security.xml]
08:29:13.135 INFO  {localhost-startStop-1} [o.s.s.core.SpringSecurityCoreVersion] You are running with Spring Security Core 4.1.1.RELEASE
08:29:13.138 INFO  {localhost-startStop-1} [o.s.s.config.SecurityNamespaceHandler] Spring Security 'config' module version is 4.1.1.RELEASE
08:29:13.258 INFO  {localhost-startStop-1} [o.s.s.w.a.p.j.WebXmlMappableAttributesRetriever] Retrieved role-name 'manager-gui' from web.xml
08:29:13.258 INFO  {localhost-startStop-1} [o.s.s.w.a.p.j.WebXmlMappableAttributesRetriever] Retrieved role-name 'manager' from web.xml
08:29:13.258 INFO  {localhost-startStop-1} [o.s.s.w.a.p.j.WebXmlMappableAttributesRetriever] Retrieved role-name 'poweruser' from web.xml
08:29:13.258 INFO  {localhost-startStop-1} [o.s.s.w.a.p.j.WebXmlMappableAttributesRetriever] Retrieved role-name 'poweruserplus' from web.xml
08:29:13.258 INFO  {localhost-startStop-1} [o.s.s.w.a.p.j.WebXmlMappableAttributesRetriever] Retrieved role-name 'probeuser' from web.xml
08:29:13.301 INFO  {localhost-startStop-1} [o.s.s.web.DefaultSecurityFilterChain] Creating filter chain: org.springframework.security.web.util.matcher.AnyRequestMatcher@1, [org.springframework.security.web.context.SecurityContextPersistenceFilter@3d47436b, org.springframework.security.web.authentication.preauth.j2ee.J2eePreAuthenticatedProcessingFilter@7e6363d5, org.springframework.security.web.authentication.logout.LogoutFilter@727ee8a7, org.springframework.security.web.access.ExceptionTranslationFilter@26523c9f, org.springframework.security.web.access.intercept.FilterSecurityInterceptor@21897f25]
08:29:13.312 INFO  {localhost-startStop-1} [o.s.web.context.ContextLoader] Root WebApplicationContext: initialization completed in 483 ms
08:29:13.320 INFO  {localhost-startStop-1} [psiprobe.ProbeServlet] setWrapper() called
08:29:13.331 INFO  {localhost-startStop-1} [psiprobe.ProbeServlet] FrameworkServlet 'probe': initialization started
08:29:13.334 INFO  {localhost-startStop-1} [o.s.b.f.xml.XmlBeanDefinitionReader] Loading XML bean definitions from ServletContext resource [/WEB-INF/spring-probe-servlet.xml]
08:29:13.345 INFO  {localhost-startStop-1} [o.s.b.f.xml.XmlBeanDefinitionReader] Loading XML bean definitions from ServletContext resource [/WEB-INF/spring-probe-resources.xml]
08:29:13.363 INFO  {localhost-startStop-1} [o.s.b.f.xml.XmlBeanDefinitionReader] Loading XML bean definitions from ServletContext resource [/WEB-INF/spring-probe-stats.xml]
08:29:13.385 INFO  {localhost-startStop-1} [o.s.b.f.xml.XmlBeanDefinitionReader] Loading XML bean definitions from ServletContext resource [/WEB-INF/spring-probe-controllers.xml]
08:29:13.495 INFO  {localhost-startStop-1} [o.s.b.f.c.PropertyPlaceholderConfigurer] Loading properties file from ServletContext resource [/WEB-INF/stats.properties]
08:29:13.568 INFO  {localhost-startStop-1} [o.s.w.s.h.BeanNameUrlHandlerMapping] Mapped URL path [/index.htm] onto handler '/index.htm'
08:29:13.571 INFO  {localhost-startStop-1} [o.s.w.s.h.BeanNameUrlHandlerMapping] Mapped URL path [/resources.htm] onto handler '/resources.htm'
08:29:13.574 INFO  {localhost-startStop-1} [o.s.w.s.h.BeanNameUrlHandlerMapping] Mapped URL path [/sessions.htm] onto handler '/sessions.htm'
08:29:13.577 INFO  {localhost-startStop-1} [o.s.w.s.h.BeanNameUrlHandlerMapping] Mapped URL path [/app/toggle.ajax] onto handler '/app/toggle.ajax'
08:29:13.580 INFO  {localhost-startStop-1} [o.s.w.s.h.BeanNameUrlHandlerMapping] Mapped URL path [/app/stop.htm] onto handler '/app/stop.htm'
08:29:13.580 INFO  {localhost-startStop-1} [o.s.w.s.h.BeanNameUrlHandlerMapping] Mapped URL path [/app/stop_summary.htm] onto handler '/app/stop_summary.htm'
08:29:13.583 INFO  {localhost-startStop-1} [o.s.w.s.h.BeanNameUrlHandlerMapping] Mapped URL path [/app/start.htm] onto handler '/app/start.htm'
08:29:13.583 INFO  {localhost-startStop-1} [o.s.w.s.h.BeanNameUrlHandlerMapping] Mapped URL path [/app/start_summary.htm] onto handler '/app/start_summary.htm'
08:29:13.586 INFO  {localhost-startStop-1} [o.s.w.s.h.BeanNameUrlHandlerMapping] Mapped URL path [/app/resetds.htm] onto handler '/app/resetds.htm'
08:29:13.588 INFO  {localhost-startStop-1} [o.s.w.s.h.BeanNameUrlHandlerMapping] Mapped URL path [/app/expire.htm] onto handler '/app/expire.htm'
08:29:13.591 INFO  {localhost-startStop-1} [o.s.w.s.h.BeanNameUrlHandlerMapping] Mapped URL path [/app/expire_list.htm] onto handler '/app/expire_list.htm'
08:29:13.598 INFO  {localhost-startStop-1} [o.s.w.s.h.BeanNameUrlHandlerMapping] Mapped URL path [/adm/deploy.htm] onto handler '/adm/deploy.htm'
08:29:13.601 INFO  {localhost-startStop-1} [o.s.w.s.h.BeanNameUrlHandlerMapping] Mapped URL path [/adm/deploycfg.htm] onto handler '/adm/deploycfg.htm'
08:29:13.607 INFO  {localhost-startStop-1} [o.s.w.s.h.BeanNameUrlHandlerMapping] Mapped URL path [/adm/war.htm] onto handler '/adm/war.htm'
08:29:13.613 INFO  {localhost-startStop-1} [o.s.w.s.h.BeanNameUrlHandlerMapping] Mapped URL path [/adm/deploycontext.htm] onto handler '/adm/deploycontext.htm'
08:29:13.616 INFO  {localhost-startStop-1} [o.s.w.s.h.BeanNameUrlHandlerMapping] Mapped URL path [/adm/deployfile.htm] onto handler '/adm/deployfile.htm'
08:29:13.621 INFO  {localhost-startStop-1} [o.s.w.s.h.BeanNameUrlHandlerMapping] Mapped URL path [/sysinfo.htm] onto handler '/sysinfo.htm'
08:29:13.622 INFO  {localhost-startStop-1} [o.s.w.s.h.BeanNameUrlHandlerMapping] Mapped URL path [/sysprops.htm] onto handler '/sysprops.htm'
08:29:13.626 INFO  {localhost-startStop-1} [o.s.w.s.h.BeanNameUrlHandlerMapping] Mapped URL path [/truststore.htm] onto handler '/truststore.htm'
08:29:13.641 INFO  {localhost-startStop-1} [o.s.w.s.h.BeanNameUrlHandlerMapping] Mapped URL path [/adm/osinfo.htm] onto handler '/adm/osinfo.htm'
08:29:13.641 INFO  {localhost-startStop-1} [o.s.w.s.h.BeanNameUrlHandlerMapping] Mapped URL path [/adm/osinfo.ajax] onto handler '/adm/osinfo.ajax'
08:29:13.644 INFO  {localhost-startStop-1} [o.s.w.s.h.BeanNameUrlHandlerMapping] Mapped URL path [/adm/advisegc.htm] onto handler '/adm/advisegc.htm'
08:29:13.649 INFO  {localhost-startStop-1} [o.s.w.s.h.BeanNameUrlHandlerMapping] Mapped URL path [/threadpools.htm] onto handler '/threadpools.htm'
08:29:13.652 INFO  {localhost-startStop-1} [o.s.w.s.h.BeanNameUrlHandlerMapping] Mapped URL path [/adm/quickcheck.htm] onto handler '/adm/quickcheck.htm'
08:29:13.652 INFO  {localhost-startStop-1} [o.s.w.s.h.BeanNameUrlHandlerMapping] Mapped URL path [/adm/quickcheck.xml.htm] onto handler '/adm/quickcheck.xml.htm'
08:29:13.655 INFO  {localhost-startStop-1} [o.s.w.s.h.BeanNameUrlHandlerMapping] Mapped URL path [/adm/undeploy.htm] onto handler '/adm/undeploy.htm'
08:29:13.655 INFO  {localhost-startStop-1} [o.s.w.s.h.BeanNameUrlHandlerMapping] Mapped URL path [/adm/undeploy_summary.htm] onto handler '/adm/undeploy_summary.htm'
08:29:13.657 INFO  {localhost-startStop-1} [o.s.w.s.h.BeanNameUrlHandlerMapping] Mapped URL path [/datasources.htm] onto handler '/datasources.htm'
08:29:13.660 INFO  {localhost-startStop-1} [o.s.w.s.h.BeanNameUrlHandlerMapping] Mapped URL path [/datasourcegroups.htm] onto handler '/datasourcegroups.htm'
08:29:13.663 INFO  {localhost-startStop-1} [o.s.w.s.h.BeanNameUrlHandlerMapping] Mapped URL path [/sql/datasourcetest.htm] onto handler '/sql/datasourcetest.htm'
08:29:13.666 INFO  {localhost-startStop-1} [o.s.w.s.h.BeanNameUrlHandlerMapping] Mapped URL path [/sql/connection.ajax] onto handler '/sql/connection.ajax'
08:29:13.669 INFO  {localhost-startStop-1} [o.s.w.s.h.BeanNameUrlHandlerMapping] Mapped URL path [/sql/recordset.ajax] onto handler '/sql/recordset.ajax'
08:29:13.671 INFO  {localhost-startStop-1} [o.s.w.s.h.BeanNameUrlHandlerMapping] Mapped URL path [/sql/cachedRecordset.ajax] onto handler '/sql/cachedRecordset.ajax'
08:29:13.674 INFO  {localhost-startStop-1} [o.s.w.s.h.BeanNameUrlHandlerMapping] Mapped URL path [/sql/queryHistory.ajax] onto handler '/sql/queryHistory.ajax'
08:29:13.674 INFO  {localhost-startStop-1} [o.s.w.s.h.BeanNameUrlHandlerMapping] Mapped URL path [/sql/queryHistoryItem.ajax] onto handler '/sql/queryHistoryItem.ajax'
08:29:13.676 INFO  {localhost-startStop-1} [o.s.w.s.h.BeanNameUrlHandlerMapping] Mapped URL path [/attributes.htm] onto handler '/attributes.htm'
08:29:13.679 INFO  {localhost-startStop-1} [o.s.w.s.h.BeanNameUrlHandlerMapping] Mapped URL path [/app/rmsattr.htm] onto handler '/app/rmsattr.htm'
08:29:13.682 INFO  {localhost-startStop-1} [o.s.w.s.h.BeanNameUrlHandlerMapping] Mapped URL path [/app/reload.ajax] onto handler '/app/reload.ajax'
08:29:13.685 INFO  {localhost-startStop-1} [o.s.w.s.h.BeanNameUrlHandlerMapping] Mapped URL path [/app/reload.htm] onto handler '/app/reload.htm'
08:29:13.685 INFO  {localhost-startStop-1} [o.s.w.s.h.BeanNameUrlHandlerMapping] Mapped URL path [/app/reload_summary.htm] onto handler '/app/reload_summary.htm'
08:29:13.688 INFO  {localhost-startStop-1} [o.s.w.s.h.BeanNameUrlHandlerMapping] Mapped URL path [/app/jsp.htm] onto handler '/app/jsp.htm'
08:29:13.690 INFO  {localhost-startStop-1} [o.s.w.s.h.BeanNameUrlHandlerMapping] Mapped URL path [/app/recompile.htm] onto handler '/app/recompile.htm'
08:29:13.693 INFO  {localhost-startStop-1} [o.s.w.s.h.BeanNameUrlHandlerMapping] Mapped URL path [/app/viewsource.htm] onto handler '/app/viewsource.htm'
08:29:13.695 INFO  {localhost-startStop-1} [o.s.w.s.h.BeanNameUrlHandlerMapping] Mapped URL path [/app/viewservlet.htm] onto handler '/app/viewservlet.htm'
08:29:13.697 INFO  {localhost-startStop-1} [o.s.w.s.h.BeanNameUrlHandlerMapping] Mapped URL path [/app/downloadserv.htm] onto handler '/app/downloadserv.htm'
08:29:13.714 INFO  {localhost-startStop-1} [o.s.w.s.h.BeanNameUrlHandlerMapping] Mapped URL path [/adm/discard.htm] onto handler '/adm/discard.htm'
08:29:13.718 INFO  {localhost-startStop-1} [o.s.w.s.h.BeanNameUrlHandlerMapping] Mapped URL path [/appsummary.htm] onto handler '/appsummary.htm'
08:29:14.158 INFO  {localhost-startStop-1} [o.s.w.s.h.BeanNameUrlHandlerMapping] Mapped URL path [/appruntimeinfo.ajax] onto handler '/appruntimeinfo.ajax'
08:29:14.159 INFO  {localhost-startStop-1} [o.s.w.s.h.BeanNameUrlHandlerMapping] Mapped URL path [/appreqdetails.ajax] onto handler '/appreqdetails.ajax'
08:29:14.159 INFO  {localhost-startStop-1} [o.s.w.s.h.BeanNameUrlHandlerMapping] Mapped URL path [/appprocdetails.ajax] onto handler '/appprocdetails.ajax'
08:29:14.162 INFO  {localhost-startStop-1} [o.s.w.s.h.BeanNameUrlHandlerMapping] Mapped URL path [/app/viewwebxml.htm] onto handler '/app/viewwebxml.htm'
08:29:14.162 INFO  {localhost-startStop-1} [o.s.w.s.h.BeanNameUrlHandlerMapping] Mapped URL path [/adm/viewcontextxml.htm] onto handler '/adm/viewcontextxml.htm'
08:29:14.165 INFO  {localhost-startStop-1} [o.s.w.s.h.BeanNameUrlHandlerMapping] Mapped URL path [/app/downloadwebxml.htm] onto handler '/app/downloadwebxml.htm'
08:29:14.165 INFO  {localhost-startStop-1} [o.s.w.s.h.BeanNameUrlHandlerMapping] Mapped URL path [/adm/downloadcontextxml.htm] onto handler '/adm/downloadcontextxml.htm'
08:29:14.168 INFO  {localhost-startStop-1} [o.s.w.s.h.BeanNameUrlHandlerMapping] Mapped URL path [/allappstats.htm] onto handler '/allappstats.htm'
08:29:14.170 INFO  {localhost-startStop-1} [o.s.w.s.h.BeanNameUrlHandlerMapping] Mapped URL path [/cnreqdetails.ajax] onto handler '/cnreqdetails.ajax'
08:29:14.170 INFO  {localhost-startStop-1} [o.s.w.s.h.BeanNameUrlHandlerMapping] Mapped URL path [/cntrafdetails.ajax] onto handler '/cntrafdetails.ajax'
08:29:14.171 INFO  {localhost-startStop-1} [o.s.w.s.h.BeanNameUrlHandlerMapping] Mapped URL path [/cnprocdetails.ajax] onto handler '/cnprocdetails.ajax'
08:29:14.171 INFO  {localhost-startStop-1} [o.s.w.s.h.BeanNameUrlHandlerMapping] Mapped URL path [/remember.ajax] onto handler '/remember.ajax'
08:29:14.174 INFO  {localhost-startStop-1} [o.s.w.s.h.BeanNameUrlHandlerMapping] Mapped URL path [/connectors.htm] onto handler '/connectors.htm'
08:29:14.176 INFO  {localhost-startStop-1} [o.s.w.s.h.BeanNameUrlHandlerMapping] Mapped URL path [/certificates.htm] onto handler '/certificates.htm'
08:29:14.179 INFO  {localhost-startStop-1} [o.s.w.s.h.BeanNameUrlHandlerMapping] Mapped URL path [/zoomchart.htm] onto handler '/zoomchart.htm'
08:29:14.184 INFO  {localhost-startStop-1} [o.s.w.s.h.BeanNameUrlHandlerMapping] Mapped URL path [/app/connectorReset.htm] onto handler '/app/connectorReset.htm'
08:29:14.190 INFO  {localhost-startStop-1} [o.s.w.s.h.BeanNameUrlHandlerMapping] Mapped URL path [/logs] onto handler '/logs'
08:29:14.190 INFO  {localhost-startStop-1} [o.s.w.s.h.BeanNameUrlHandlerMapping] Mapped URL path [/logs/index.htm] onto handler '/logs'
08:29:14.193 INFO  {localhost-startStop-1} [o.s.w.s.h.BeanNameUrlHandlerMapping] Mapped URL path [/logs/download] onto handler '/logs/download'
08:29:14.196 INFO  {localhost-startStop-1} [o.s.w.s.h.BeanNameUrlHandlerMapping] Mapped URL path [/logs/follow.htm] onto handler '/logs/follow.htm'
08:29:14.198 INFO  {localhost-startStop-1} [o.s.w.s.h.BeanNameUrlHandlerMapping] Mapped URL path [/logs/follow.ajax] onto handler '/logs/follow.ajax'
08:29:14.200 INFO  {localhost-startStop-1} [o.s.w.s.h.BeanNameUrlHandlerMapping] Mapped URL path [/logs/ff_info.ajax] onto handler '/logs/ff_info.ajax'
08:29:14.202 INFO  {localhost-startStop-1} [o.s.w.s.h.BeanNameUrlHandlerMapping] Mapped URL path [/adm/changeloglevel.ajax] onto handler '/adm/changeloglevel.ajax'
08:29:14.205 INFO  {localhost-startStop-1} [o.s.w.s.h.BeanNameUrlHandlerMapping] Mapped URL path [/decorator.htm] onto handler '/decorator.htm'
08:29:14.207 INFO  {localhost-startStop-1} [o.s.w.s.h.BeanNameUrlHandlerMapping] Mapped URL path [/th_impl1.htm] onto handler '/th_impl1.htm'
08:29:14.210 INFO  {localhost-startStop-1} [o.s.w.s.h.BeanNameUrlHandlerMapping] Mapped URL path [/th_impl2.htm] onto handler '/th_impl2.htm'
08:29:14.212 INFO  {localhost-startStop-1} [o.s.w.s.h.BeanNameUrlHandlerMapping] Mapped URL path [/threads.htm] onto handler '/threads.htm'
08:29:14.214 INFO  {localhost-startStop-1} [o.s.w.s.h.BeanNameUrlHandlerMapping] Mapped URL path [/cldetails.ajax] onto handler '/cldetails.ajax'
08:29:14.217 INFO  {localhost-startStop-1} [o.s.w.s.h.BeanNameUrlHandlerMapping] Mapped URL path [/adm/kill.htm] onto handler '/adm/kill.htm'
08:29:14.221 INFO  {localhost-startStop-1} [o.s.w.s.h.BeanNameUrlHandlerMapping] Mapped URL path [/cluster.htm] onto handler '/cluster.htm'
08:29:14.221 INFO  {localhost-startStop-1} [o.s.w.s.h.BeanNameUrlHandlerMapping] Mapped URL path [/cluster/members.ajax] onto handler '/cluster/members.ajax'
08:29:14.221 INFO  {localhost-startStop-1} [o.s.w.s.h.BeanNameUrlHandlerMapping] Mapped URL path [/cluster/traffic.ajax] onto handler '/cluster/traffic.ajax'
08:29:14.221 INFO  {localhost-startStop-1} [o.s.w.s.h.BeanNameUrlHandlerMapping] Mapped URL path [/cluster/requests.ajax] onto handler '/cluster/requests.ajax'
08:29:14.224 INFO  {localhost-startStop-1} [o.s.w.s.h.BeanNameUrlHandlerMapping] Mapped URL path [/appattributes.htm] onto handler '/appattributes.htm'
08:29:14.226 INFO  {localhost-startStop-1} [o.s.w.s.h.BeanNameUrlHandlerMapping] Mapped URL path [/app/rmappattr.htm] onto handler '/app/rmappattr.htm'
08:29:14.228 INFO  {localhost-startStop-1} [o.s.w.s.h.BeanNameUrlHandlerMapping] Mapped URL path [/appinitparams.htm] onto handler '/appinitparams.htm'
08:29:14.229 INFO  {localhost-startStop-1} [o.s.w.s.h.BeanNameUrlHandlerMapping] Mapped URL path [/servlets.htm] onto handler '/servlets.htm'
08:29:14.231 INFO  {localhost-startStop-1} [o.s.w.s.h.BeanNameUrlHandlerMapping] Mapped URL path [/servlets.ajax] onto handler '/servlets.ajax'
08:29:14.233 INFO  {localhost-startStop-1} [o.s.w.s.h.BeanNameUrlHandlerMapping] Mapped URL path [/servletmaps.htm] onto handler '/servletmaps.htm'
08:29:14.235 INFO  {localhost-startStop-1} [o.s.w.s.h.BeanNameUrlHandlerMapping] Mapped URL path [/appfilters.htm] onto handler '/appfilters.htm'
08:29:14.238 INFO  {localhost-startStop-1} [o.s.w.s.h.BeanNameUrlHandlerMapping] Mapped URL path [/appfiltermaps.htm] onto handler '/appfiltermaps.htm'
08:29:14.240 INFO  {localhost-startStop-1} [o.s.w.s.h.BeanNameUrlHandlerMapping] Mapped URL path [/memory.ajax] onto handler '/memory.ajax'
08:29:14.241 INFO  {localhost-startStop-1} [o.s.w.s.h.BeanNameUrlHandlerMapping] Mapped URL path [/memory.htm] onto handler '/memory.htm'
08:29:14.243 INFO  {localhost-startStop-1} [o.s.w.s.h.BeanNameUrlHandlerMapping] Mapped URL path [/wrapper.htm] onto handler '/wrapper.htm'
08:29:14.250 INFO  {localhost-startStop-1} [o.s.w.s.h.BeanNameUrlHandlerMapping] Mapped URL path [/chart.png] onto handler '/chart.png'
08:29:14.252 INFO  {localhost-startStop-1} [o.s.w.s.h.BeanNameUrlHandlerMapping] Mapped URL path [/adm/restartvm.ajax] onto handler '/adm/restartvm.ajax'
08:29:14.254 INFO  {localhost-startStop-1} [o.s.w.s.h.BeanNameUrlHandlerMapping] Mapped URL path [/adm/stopvm.ajax] onto handler '/adm/stopvm.ajax'
08:29:14.256 INFO  {localhost-startStop-1} [o.s.w.s.h.BeanNameUrlHandlerMapping] Mapped URL path [/adm/threaddump.ajax] onto handler '/adm/threaddump.ajax'
08:29:14.259 INFO  {localhost-startStop-1} [o.s.w.s.h.BeanNameUrlHandlerMapping] Mapped URL path [/app/threadstack.ajax] onto handler '/app/threadstack.ajax'
08:29:14.261 INFO  {localhost-startStop-1} [o.s.w.s.h.BeanNameUrlHandlerMapping] Mapped URL path [/whois.ajax] onto handler '/whois.ajax'
08:29:14.263 INFO  {localhost-startStop-1} [o.s.w.s.h.BeanNameUrlHandlerMapping] Mapped URL path [/403.htm] onto handler '/403.htm'
08:29:14.264 INFO  {localhost-startStop-1} [o.s.w.s.h.BeanNameUrlHandlerMapping] Mapped URL path [/404.htm] onto handler '/404.htm'
08:29:14.266 INFO  {localhost-startStop-1} [o.s.w.s.h.BeanNameUrlHandlerMapping] Mapped URL path [/*.oxml.htm] onto handler '/*.oxml.htm'
08:29:14.266 INFO  {localhost-startStop-1} [o.s.w.s.h.BeanNameUrlHandlerMapping] Mapped URL path [/help/applications.ajax] onto handler '/help/applications.ajax'
08:29:14.266 INFO  {localhost-startStop-1} [o.s.w.s.h.BeanNameUrlHandlerMapping] Mapped URL path [/help/datasources.ajax] onto handler '/help/datasources.ajax'
08:29:14.266 INFO  {localhost-startStop-1} [o.s.w.s.h.BeanNameUrlHandlerMapping] Mapped URL path [/help/datasourcetest.ajax] onto handler '/help/datasourcetest.ajax'
08:29:14.266 INFO  {localhost-startStop-1} [o.s.w.s.h.BeanNameUrlHandlerMapping] Mapped URL path [/help/sessionsearch.ajax] onto handler '/help/sessionsearch.ajax'
08:29:14.267 INFO  {localhost-startStop-1} [o.s.w.s.h.BeanNameUrlHandlerMapping] Mapped URL path [/help/threads.ajax] onto handler '/help/threads.ajax'
08:29:14.267 INFO  {localhost-startStop-1} [o.s.w.s.h.BeanNameUrlHandlerMapping] Mapped URL path [/help/threads2.ajax] onto handler '/help/threads2.ajax'
08:29:14.269 INFO  {localhost-startStop-1} [o.s.b.f.config.PropertiesFactoryBean] Loading properties file from ServletContext resource [/WEB-INF/version.properties]
08:29:14.286 INFO  {localhost-startStop-1} [p.b.s.l.MemoryPoolMailingListener] Mailer SMTP host is not set.  Disabling listener.
08:29:14.351 INFO  {localhost-startStop-1} [org.quartz.impl.StdSchedulerFactory] Using default implementation for ThreadExecutor
08:29:14.380 INFO  {localhost-startStop-1} [org.quartz.core.SchedulerSignalerImpl] Initialized Scheduler Signaller of type: class org.quartz.core.SchedulerSignalerImpl
08:29:14.380 INFO  {localhost-startStop-1} [org.quartz.core.QuartzScheduler] Quartz Scheduler v.2.2.3 created.
08:29:14.381 INFO  {localhost-startStop-1} [org.quartz.simpl.RAMJobStore] RAMJobStore initialized.
08:29:14.381 INFO  {localhost-startStop-1} [org.quartz.core.QuartzScheduler] Scheduler meta-data: Quartz Scheduler (v2.2.3) 'scheduler' with instanceId 'NON_CLUSTERED'
  Scheduler class: 'org.quartz.core.QuartzScheduler' - running locally.
  NOT STARTED.
  Currently in standby mode.
  Number of jobs executed: 0
  Using thread pool 'org.quartz.simpl.SimpleThreadPool' - with 10 threads.
  Using job-store 'org.quartz.simpl.RAMJobStore' - which does not support persistence. and is not clustered.

08:29:14.381 INFO  {localhost-startStop-1} [org.quartz.impl.StdSchedulerFactory] Quartz scheduler 'scheduler' initialized from an externally provided properties instance.
08:29:14.381 INFO  {localhost-startStop-1} [org.quartz.impl.StdSchedulerFactory] Quartz scheduler version: 2.2.3
08:29:14.382 INFO  {localhost-startStop-1} [org.quartz.core.QuartzScheduler] JobFactory set to: org.springframework.scheduling.quartz.AdaptableJobFactory@6a8eb83e
08:29:14.388 INFO  {localhost-startStop-1} [o.s.c.support.DefaultLifecycleProcessor] Starting beans in phase 2147483647
08:29:14.388 INFO  {localhost-startStop-1} [o.s.s.quartz.SchedulerFactoryBean] Starting Quartz Scheduler now
08:29:14.388 INFO  {localhost-startStop-1} [org.quartz.core.QuartzScheduler] Scheduler scheduler_$_NON_CLUSTERED started.
08:29:14.475 INFO  {localhost-startStop-1} [psiprobe.ProbeServlet] FrameworkServlet 'probe': initialization completed in 1144 ms
08:29:14.475 INFO  {localhost-startStop-1} [psiprobe.beans.ContainerWrapperBean] Server info: Apache Tomcat/8.5.4
08:29:14.479 INFO  {localhost-startStop-1} [psiprobe.beans.ContainerWrapperBean] Using psiprobe.Tomcat85ContainerAdapter
08:29:30.139 INFO  {scheduler_Worker-2} [psiprobe.beans.ContainerWrapperBean] Using DEFAULT resource resolver
08:30:00.002 INFO  {scheduler_Worker-8} [psiprobe.beans.ResourceResolverBean] Reading CONTEXT /maissaude
08:30:00.002 INFO  {scheduler_Worker-8} [psiprobe.beans.ResourceResolverBean] Reading CONTEXT /conssrh
08:30:00.003 INFO  {scheduler_Worker-8} [psiprobe.beans.ResourceResolverBean] Reading CONTEXT /mesariovoluntario
08:30:00.003 INFO  {scheduler_Worker-8} [psiprobe.beans.ResourceResolverBean] Reading CONTEXT /apiAcompElei
08:30:00.004 INFO  {scheduler_Worker-8} [psiprobe.beans.ResourceResolverBean] Reading CONTEXT /probe
08:30:00.004 INFO  {scheduler_Worker-8} [psiprobe.beans.ResourceResolverBean] Reading CONTEXT /resultElei
08:30:00.004 INFO  {scheduler_Worker-8} [psiprobe.beans.ResourceResolverBean] Reading CONTEXT /host-manager
08:30:00.004 INFO  {scheduler_Worker-8} [psiprobe.beans.ResourceResolverBean] Reading CONTEXT /docdown
08:30:00.004 INFO  {scheduler_Worker-8} [psiprobe.beans.ResourceResolverBean] Reading CONTEXT /produtividade
08:30:00.004 INFO  {scheduler_Worker-8} [psiprobe.beans.ResourceResolverBean] Reading CONTEXT /consger
08:30:00.004 INFO  {scheduler_Worker-8} [psiprobe.beans.ResourceResolverBean] Reading CONTEXT /cadharpia
08:30:00.004 INFO  {scheduler_Worker-8} [psiprobe.beans.ResourceResolverBean] Reading CONTEXT /manager
08:30:00.004 INFO  {scheduler_Worker-8} [psiprobe.beans.ResourceResolverBean] Reading GLOBAL resources
08:30:00.007 INFO  {scheduler_Worker-8} [psiprobe.beans.ResourceResolverBean] reading resource: Catalina:type=Resource,resourcetype=Global,class=org.apache.catalina.UserDatabase,name="UserDatabase"
08:32:00.005 INFO  {scheduler_Worker-10} [psiprobe.beans.ResourceResolverBean] Reading CONTEXT /maissaude
08:32:00.005 INFO  {scheduler_Worker-10} [psiprobe.beans.ResourceResolverBean] Reading CONTEXT /conssrh
08:32:00.005 INFO  {scheduler_Worker-10} [psiprobe.beans.ResourceResolverBean] Reading CONTEXT /mesariovoluntario
08:32:00.005 INFO  {scheduler_Worker-10} [psiprobe.beans.ResourceResolverBean] Reading CONTEXT /apiAcompElei
08:32:00.005 INFO  {scheduler_Worker-10} [psiprobe.beans.ResourceResolverBean] Reading CONTEXT /probe
08:32:00.005 INFO  {scheduler_Worker-10} [psiprobe.beans.ResourceResolverBean] Reading CONTEXT /resultElei
08:32:00.006 INFO  {scheduler_Worker-10} [psiprobe.beans.ResourceResolverBean] Reading CONTEXT /host-manager
08:32:00.006 INFO  {scheduler_Worker-10} [psiprobe.beans.ResourceResolverBean] Reading CONTEXT /docdown
08:32:00.007 INFO  {scheduler_Worker-10} [psiprobe.beans.ResourceResolverBean] Reading CONTEXT /produtividade
08:32:00.007 INFO  {scheduler_Worker-10} [psiprobe.beans.ResourceResolverBean] Reading CONTEXT /consger
08:32:00.007 INFO  {scheduler_Worker-10} [psiprobe.beans.ResourceResolverBean] Reading CONTEXT /cadharpia
08:32:00.007 INFO  {scheduler_Worker-10} [psiprobe.beans.ResourceResolverBean] Reading CONTEXT /manager
08:32:00.007 INFO  {scheduler_Worker-10} [psiprobe.beans.ResourceResolverBean] Reading GLOBAL resources
08:32:00.008 INFO  {scheduler_Worker-10} [psiprobe.beans.ResourceResolverBean] reading resource: Catalina:type=Resource,resourcetype=Global,class=org.apache.catalina.UserDatabase,name="UserDatabase"
08:34:00.001 INFO  {scheduler_Worker-2} [psiprobe.beans.ResourceResolverBean] Reading CONTEXT 
08:34:00.001 INFO  {scheduler_Worker-2} [psiprobe.beans.ResourceResolverBean] Reading CONTEXT /agendamento
08:34:00.002 INFO  {scheduler_Worker-2} [psiprobe.Tomcat85ContainerAdapter] reading resource: jdbc/agendamento
08:34:00.002 INFO  {scheduler_Worker-2} [psiprobe.Tomcat85ContainerAdapter] reading resource: jdbc/package
08:34:00.406 INFO  {scheduler_Worker-2} [psiprobe.beans.ResourceResolverBean] Reading CONTEXT /maissaude
08:34:00.406 INFO  {scheduler_Worker-2} [psiprobe.beans.ResourceResolverBean] Reading CONTEXT /conssrh
08:34:00.406 INFO  {scheduler_Worker-2} [psiprobe.beans.ResourceResolverBean] Reading CONTEXT /mesariovoluntario
08:34:00.406 INFO  {scheduler_Worker-2} [psiprobe.beans.ResourceResolverBean] Reading CONTEXT /apiAcompElei
08:34:00.406 INFO  {scheduler_Worker-2} [psiprobe.beans.ResourceResolverBean] Reading CONTEXT /docs
08:34:00.406 INFO  {scheduler_Worker-2} [psiprobe.beans.ResourceResolverBean] Reading CONTEXT /probe
08:34:00.406 INFO  {scheduler_Worker-2} [psiprobe.beans.ResourceResolverBean] Reading CONTEXT /examples
08:34:00.406 INFO  {scheduler_Worker-2} [psiprobe.beans.ResourceResolverBean] Reading CONTEXT /resultElei
08:34:00.406 INFO  {scheduler_Worker-2} [psiprobe.beans.ResourceResolverBean] Reading CONTEXT /host-manager
08:34:00.406 INFO  {scheduler_Worker-2} [psiprobe.beans.ResourceResolverBean] Reading CONTEXT /docdown
08:34:00.406 INFO  {scheduler_Worker-2} [psiprobe.beans.ResourceResolverBean] Reading CONTEXT /produtividade
08:34:00.406 INFO  {scheduler_Worker-2} [psiprobe.beans.ResourceResolverBean] Reading CONTEXT /consger
08:34:00.406 INFO  {scheduler_Worker-2} [psiprobe.beans.ResourceResolverBean] Reading CONTEXT /cadharpia
08:34:00.406 INFO  {scheduler_Worker-2} [psiprobe.beans.ResourceResolverBean] Reading CONTEXT /manager
08:34:00.406 INFO  {scheduler_Worker-2} [psiprobe.beans.ResourceResolverBean] Reading GLOBAL resources
08:34:00.409 INFO  {scheduler_Worker-2} [psiprobe.beans.ResourceResolverBean] reading resource: Catalina:type=Resource,resourcetype=Global,class=org.apache.catalina.UserDatabase,name="UserDatabase"
08:36:00.002 INFO  {scheduler_Worker-6} [psiprobe.beans.ResourceResolverBean] Reading CONTEXT 
08:36:00.002 INFO  {scheduler_Worker-6} [psiprobe.beans.ResourceResolverBean] Reading CONTEXT /agendamento
08:36:00.002 INFO  {scheduler_Worker-6} [psiprobe.Tomcat85ContainerAdapter] reading resource: jdbc/agendamento
08:36:00.002 INFO  {scheduler_Worker-6} [psiprobe.Tomcat85ContainerAdapter] reading resource: jdbc/package
08:36:00.002 INFO  {scheduler_Worker-6} [psiprobe.beans.ResourceResolverBean] Reading CONTEXT /maissaude
08:36:00.002 INFO  {scheduler_Worker-6} [psiprobe.beans.ResourceResolverBean] Reading CONTEXT /conssrh
08:36:00.002 INFO  {scheduler_Worker-6} [psiprobe.beans.ResourceResolverBean] Reading CONTEXT /mesariovoluntario
08:36:00.002 INFO  {scheduler_Worker-6} [psiprobe.beans.ResourceResolverBean] Reading CONTEXT /apiAcompElei
08:36:00.002 INFO  {scheduler_Worker-6} [psiprobe.beans.ResourceResolverBean] Reading CONTEXT /docs
08:36:00.003 INFO  {scheduler_Worker-6} [psiprobe.beans.ResourceResolverBean] Reading CONTEXT /probe
08:36:00.003 INFO  {scheduler_Worker-6} [psiprobe.beans.ResourceResolverBean] Reading CONTEXT /examples
08:36:00.003 INFO  {scheduler_Worker-6} [psiprobe.beans.ResourceResolverBean] Reading CONTEXT /resultElei
08:36:00.003 INFO  {scheduler_Worker-6} [psiprobe.beans.ResourceResolverBean] Reading CONTEXT /host-manager
08:36:00.003 INFO  {scheduler_Worker-6} [psiprobe.beans.ResourceResolverBean] Reading CONTEXT /docdown
08:36:00.003 INFO  {scheduler_Worker-6} [psiprobe.beans.ResourceResolverBean] Reading CONTEXT /produtividade
08:36:00.003 INFO  {scheduler_Worker-6} [psiprobe.beans.ResourceResolverBean] Reading CONTEXT /consger
08:36:00.003 INFO  {scheduler_Worker-6} [psiprobe.beans.ResourceResolverBean] Reading CONTEXT /cadharpia
08:36:00.003 INFO  {scheduler_Worker-6} [psiprobe.beans.ResourceResolverBean] Reading CONTEXT /manager
08:36:00.003 INFO  {scheduler_Worker-6} [psiprobe.beans.ResourceResolverBean] Reading GLOBAL resources
08:36:00.004 INFO  {scheduler_Worker-6} [psiprobe.beans.ResourceResolverBean] reading resource: Catalina:type=Resource,resourcetype=Global,class=org.apache.catalina.UserDatabase,name="UserDatabase"
08:36:32.215 INFO  {https-jsse-nio-443-exec-7} [psiprobe.beans.ResourceResolverBean] Reading CONTEXT 
08:36:32.215 INFO  {https-jsse-nio-443-exec-7} [psiprobe.beans.ResourceResolverBean] Reading CONTEXT /agendamento
08:36:32.215 INFO  {https-jsse-nio-443-exec-7} [psiprobe.Tomcat85ContainerAdapter] reading resource: jdbc/agendamento
08:36:32.215 INFO  {https-jsse-nio-443-exec-7} [psiprobe.Tomcat85ContainerAdapter] reading resource: jdbc/package
08:36:32.247 INFO  {https-jsse-nio-443-exec-7} [psiprobe.beans.ResourceResolverBean] Reading CONTEXT /maissaude
08:36:32.247 INFO  {https-jsse-nio-443-exec-7} [psiprobe.beans.ResourceResolverBean] Reading CONTEXT /conssrh
08:36:32.247 INFO  {https-jsse-nio-443-exec-7} [psiprobe.beans.ResourceResolverBean] Reading CONTEXT /mesariovoluntario
08:36:32.247 INFO  {https-jsse-nio-443-exec-7} [psiprobe.beans.ResourceResolverBean] Reading CONTEXT /apiAcompElei
08:36:32.247 INFO  {https-jsse-nio-443-exec-7} [psiprobe.beans.ResourceResolverBean] Reading CONTEXT /docs
08:36:32.247 INFO  {https-jsse-nio-443-exec-7} [psiprobe.beans.ResourceResolverBean] Reading CONTEXT /probe
08:36:32.247 INFO  {https-jsse-nio-443-exec-7} [psiprobe.beans.ResourceResolverBean] Reading CONTEXT /examples
08:36:32.247 INFO  {https-jsse-nio-443-exec-7} [psiprobe.beans.ResourceResolverBean] Reading CONTEXT /resultElei
08:36:32.247 INFO  {https-jsse-nio-443-exec-7} [psiprobe.beans.ResourceResolverBean] Reading CONTEXT /host-manager
08:36:32.247 INFO  {https-jsse-nio-443-exec-7} [psiprobe.beans.ResourceResolverBean] Reading CONTEXT /docdown
08:36:32.248 INFO  {https-jsse-nio-443-exec-7} [psiprobe.beans.ResourceResolverBean] Reading CONTEXT /produtividade
08:36:32.248 INFO  {https-jsse-nio-443-exec-7} [psiprobe.beans.ResourceResolverBean] Reading CONTEXT /consger
08:36:32.248 INFO  {https-jsse-nio-443-exec-7} [psiprobe.beans.ResourceResolverBean] Reading CONTEXT /cadharpia
08:36:32.248 INFO  {https-jsse-nio-443-exec-7} [psiprobe.beans.ResourceResolverBean] Reading CONTEXT /manager
08:36:32.694 INFO  {https-jsse-nio-443-exec-7} [org.displaytag.export.ExportViewFactory] Initializing ExportViewFactory with type={xml}
08:36:32.699 INFO  {https-jsse-nio-443-exec-7} [o.displaytag.properties.TableProperties] LocaleResolver initialized to org.displaytag.localization.I18nSpringAdapter.
08:36:32.729 INFO  {https-jsse-nio-443-exec-7} [o.displaytag.properties.TableProperties] I18nResourceProvider initialized to org.displaytag.localization.I18nSpringAdapter.
08:36:48.286 WARN  {https-jsse-nio-443-exec-2} [o.s.s.w.c.HttpSessionSecurityContextRepository] Failed to create a session, as response has been committed. Unable to store SecurityContext.
08:36:48.288 WARN  {https-jsse-nio-443-exec-8} [o.s.s.w.c.HttpSessionSecurityContextRepository] Failed to create a session, as response has been committed. Unable to store SecurityContext.
08:36:48.314 WARN  {https-jsse-nio-443-exec-7} [o.s.s.w.c.HttpSessionSecurityContextRepository] Failed to create a session, as response has been committed. Unable to store SecurityContext.
08:36:48.322 WARN  {https-jsse-nio-443-exec-1} [o.s.s.w.c.HttpSessionSecurityContextRepository] Failed to create a session, as response has been committed. Unable to store SecurityContext.
08:36:48.329 WARN  {https-jsse-nio-443-exec-9} [o.s.s.w.c.HttpSessionSecurityContextRepository] Failed to create a session, as response has been committed. Unable to store SecurityContext.
08:36:48.329 WARN  {https-jsse-nio-443-exec-4} [o.s.s.w.c.HttpSessionSecurityContextRepository] Failed to create a session, as response has been committed. Unable to store SecurityContext.
08:36:48.353 WARN  {https-jsse-nio-443-exec-2} [o.s.s.w.c.HttpSessionSecurityContextRepository] Failed to create a session, as response has been committed. Unable to store SecurityContext.
08:36:48.385 WARN  {https-jsse-nio-443-exec-8} [o.s.s.w.c.HttpSessionSecurityContextRepository] Failed to create a session, as response has been committed. Unable to store SecurityContext.
08:36:48.386 WARN  {https-jsse-nio-443-exec-7} [o.s.s.w.c.HttpSessionSecurityContextRepository] Failed to create a session, as response has been committed. Unable to store SecurityContext.
08:36:48.386 WARN  {https-jsse-nio-443-exec-1} [o.s.s.w.c.HttpSessionSecurityContextRepository] Failed to create a session, as response has been committed. Unable to store SecurityContext.
08:36:48.386 WARN  {https-jsse-nio-443-exec-6} [o.s.s.w.c.HttpSessionSecurityContextRepository] Failed to create a session, as response has been committed. Unable to store SecurityContext.
08:36:48.386 WARN  {https-jsse-nio-443-exec-3} [o.s.s.w.c.HttpSessionSecurityContextRepository] Failed to create a session, as response has been committed. Unable to store SecurityContext.
08:36:48.387 WARN  {https-jsse-nio-443-exec-5} [o.s.s.w.c.HttpSessionSecurityContextRepository] Failed to create a session, as response has been committed. Unable to store SecurityContext.
08:36:48.388 WARN  {https-jsse-nio-443-exec-4} [o.s.s.w.c.HttpSessionSecurityContextRepository] Failed to create a session, as response has been committed. Unable to store SecurityContext.
08:36:48.390 WARN  {https-jsse-nio-443-exec-9} [o.s.s.w.c.HttpSessionSecurityContextRepository] Failed to create a session, as response has been committed. Unable to store SecurityContext.
08:36:48.393 WARN  {https-jsse-nio-443-exec-6} [o.s.s.w.c.HttpSessionSecurityContextRepository] Failed to create a session, as response has been committed. Unable to store SecurityContext.
08:36:48.393 WARN  {https-jsse-nio-443-exec-7} [o.s.s.w.c.HttpSessionSecurityContextRepository] Failed to create a session, as response has been committed. Unable to store SecurityContext.
08:36:48.393 WARN  {https-jsse-nio-443-exec-10} [o.s.s.w.c.HttpSessionSecurityContextRepository] Failed to create a session, as response has been committed. Unable to store SecurityContext.
08:36:48.393 WARN  {https-jsse-nio-443-exec-1} [o.s.s.w.c.HttpSessionSecurityContextRepository] Failed to create a session, as response has been committed. Unable to store SecurityContext.
08:36:48.396 WARN  {https-jsse-nio-443-exec-2} [o.s.s.w.c.HttpSessionSecurityContextRepository] Failed to create a session, as response has been committed. Unable to store SecurityContext.
08:36:48.397 WARN  {https-jsse-nio-443-exec-8} [o.s.s.w.c.HttpSessionSecurityContextRepository] Failed to create a session, as response has been committed. Unable to store SecurityContext.
08:36:48.401 WARN  {https-jsse-nio-443-exec-5} [o.s.s.w.c.HttpSessionSecurityContextRepository] Failed to create a session, as response has been committed. Unable to store SecurityContext.
08:36:48.429 WARN  {https-jsse-nio-443-exec-3} [o.s.s.w.c.HttpSessionSecurityContextRepository] Failed to create a session, as response has been committed. Unable to store SecurityContext.
08:36:48.625 WARN  {https-jsse-nio-443-exec-10} [o.s.s.w.c.HttpSessionSecurityContextRepository] Failed to create a session, as response has been committed. Unable to store SecurityContext.
08:36:48.633 WARN  {https-jsse-nio-443-exec-1} [o.s.s.w.c.HttpSessionSecurityContextRepository] Failed to create a session, as response has been committed. Unable to store SecurityContext.
08:37:32.835 INFO  {https-jsse-nio-443-exec-10} [psiprobe.beans.ResourceResolverBean] Reading CONTEXT /maissaude
08:38:00.001 INFO  {scheduler_Worker-8} [psiprobe.beans.ResourceResolverBean] Reading CONTEXT 
08:38:00.002 INFO  {scheduler_Worker-8} [psiprobe.beans.ResourceResolverBean] Reading CONTEXT /agendamento
08:38:00.002 INFO  {scheduler_Worker-8} [psiprobe.Tomcat85ContainerAdapter] reading resource: jdbc/agendamento
08:38:00.002 INFO  {scheduler_Worker-8} [psiprobe.Tomcat85ContainerAdapter] reading resource: jdbc/package
08:38:00.002 INFO  {scheduler_Worker-8} [psiprobe.beans.ResourceResolverBean] Reading CONTEXT /maissaude
08:38:00.002 INFO  {scheduler_Worker-8} [psiprobe.beans.ResourceResolverBean] Reading CONTEXT /conssrh
08:38:00.002 INFO  {scheduler_Worker-8} [psiprobe.beans.ResourceResolverBean] Reading CONTEXT /mesariovoluntario
08:38:00.002 INFO  {scheduler_Worker-8} [psiprobe.beans.ResourceResolverBean] Reading CONTEXT /apiAcompElei
08:38:00.002 INFO  {scheduler_Worker-8} [psiprobe.beans.ResourceResolverBean] Reading CONTEXT /docs
08:38:00.002 INFO  {scheduler_Worker-8} [psiprobe.beans.ResourceResolverBean] Reading CONTEXT /probe
08:38:00.002 INFO  {scheduler_Worker-8} [psiprobe.beans.ResourceResolverBean] Reading CONTEXT /examples
08:38:00.002 INFO  {scheduler_Worker-8} [psiprobe.beans.ResourceResolverBean] Reading CONTEXT /resultElei
08:38:00.002 INFO  {scheduler_Worker-8} [psiprobe.beans.ResourceResolverBean] Reading CONTEXT /host-manager
08:38:00.002 INFO  {scheduler_Worker-8} [psiprobe.beans.ResourceResolverBean] Reading CONTEXT /docdown
08:38:00.002 INFO  {scheduler_Worker-8} [psiprobe.beans.ResourceResolverBean] Reading CONTEXT /produtividade
08:38:00.002 INFO  {scheduler_Worker-8} [psiprobe.beans.ResourceResolverBean] Reading CONTEXT /consger
08:38:00.002 INFO  {scheduler_Worker-8} [psiprobe.beans.ResourceResolverBean] Reading CONTEXT /cadharpia
08:38:00.002 INFO  {scheduler_Worker-8} [psiprobe.beans.ResourceResolverBean] Reading CONTEXT /manager
08:38:00.002 INFO  {scheduler_Worker-8} [psiprobe.beans.ResourceResolverBean] Reading GLOBAL resources
08:38:00.005 INFO  {scheduler_Worker-8} [psiprobe.beans.ResourceResolverBean] reading resource: Catalina:type=Resource,resourcetype=Global,class=org.apache.catalina.UserDatabase,name="UserDatabase"
08:40:00.001 INFO  {scheduler_Worker-5} [psiprobe.beans.ResourceResolverBean] Reading CONTEXT 
08:40:00.001 INFO  {scheduler_Worker-5} [psiprobe.beans.ResourceResolverBean] Reading CONTEXT /agendamento
08:40:00.001 INFO  {scheduler_Worker-5} [psiprobe.Tomcat85ContainerAdapter] reading resource: jdbc/agendamento
08:40:00.001 INFO  {scheduler_Worker-5} [psiprobe.Tomcat85ContainerAdapter] reading resource: jdbc/package
08:40:00.002 INFO  {scheduler_Worker-5} [psiprobe.beans.ResourceResolverBean] Reading CONTEXT /maissaude
08:40:00.002 INFO  {scheduler_Worker-5} [psiprobe.beans.ResourceResolverBean] Reading CONTEXT /conssrh
08:40:00.002 INFO  {scheduler_Worker-5} [psiprobe.beans.ResourceResolverBean] Reading CONTEXT /mesariovoluntario
08:40:00.002 INFO  {scheduler_Worker-5} [psiprobe.beans.ResourceResolverBean] Reading CONTEXT /apiAcompElei
08:40:00.002 INFO  {scheduler_Worker-5} [psiprobe.beans.ResourceResolverBean] Reading CONTEXT /docs
08:40:00.002 INFO  {scheduler_Worker-5} [psiprobe.beans.ResourceResolverBean] Reading CONTEXT /probe
08:40:00.002 INFO  {scheduler_Worker-5} [psiprobe.beans.ResourceResolverBean] Reading CONTEXT /examples
08:40:00.002 INFO  {scheduler_Worker-5} [psiprobe.beans.ResourceResolverBean] Reading CONTEXT /resultElei
08:40:00.002 INFO  {scheduler_Worker-5} [psiprobe.beans.ResourceResolverBean] Reading CONTEXT /host-manager
08:40:00.002 INFO  {scheduler_Worker-5} [psiprobe.beans.ResourceResolverBean] Reading CONTEXT /docdown
08:40:00.002 INFO  {scheduler_Worker-5} [psiprobe.beans.ResourceResolverBean] Reading CONTEXT /produtividade
08:40:00.002 INFO  {scheduler_Worker-5} [psiprobe.beans.ResourceResolverBean] Reading CONTEXT /consger
08:40:00.003 INFO  {scheduler_Worker-5} [psiprobe.beans.ResourceResolverBean] Reading CONTEXT /cadharpia
08:40:00.003 INFO  {scheduler_Worker-5} [psiprobe.beans.ResourceResolverBean] Reading CONTEXT /manager
08:40:00.003 INFO  {scheduler_Worker-5} [psiprobe.beans.ResourceResolverBean] Reading GLOBAL resources
08:40:00.005 INFO  {scheduler_Worker-5} [psiprobe.beans.ResourceResolverBean] reading resource: Catalina:type=Resource,resourcetype=Global,class=org.apache.catalina.UserDatabase,name="UserDatabase"
08:41:08.294 INFO  {https-jsse-nio-443-exec-4} [psiprobe.beans.ResourceResolverBean] Reading CONTEXT 
08:41:08.294 INFO  {https-jsse-nio-443-exec-4} [psiprobe.beans.ResourceResolverBean] Reading CONTEXT /agendamento
08:41:08.294 INFO  {https-jsse-nio-443-exec-4} [psiprobe.Tomcat85ContainerAdapter] reading resource: jdbc/agendamento
08:41:08.295 INFO  {https-jsse-nio-443-exec-4} [psiprobe.Tomcat85ContainerAdapter] reading resource: jdbc/package
08:41:08.295 INFO  {https-jsse-nio-443-exec-4} [psiprobe.beans.ResourceResolverBean] Reading CONTEXT /maissaude
08:41:08.295 INFO  {https-jsse-nio-443-exec-4} [psiprobe.beans.ResourceResolverBean] Reading CONTEXT /conssrh
08:41:08.295 INFO  {https-jsse-nio-443-exec-4} [psiprobe.beans.ResourceResolverBean] Reading CONTEXT /mesariovoluntario
08:41:08.295 INFO  {https-jsse-nio-443-exec-4} [psiprobe.beans.ResourceResolverBean] Reading CONTEXT /apiAcompElei
08:41:08.295 INFO  {https-jsse-nio-443-exec-4} [psiprobe.beans.ResourceResolverBean] Reading CONTEXT /docs
08:41:08.295 INFO  {https-jsse-nio-443-exec-4} [psiprobe.beans.ResourceResolverBean] Reading CONTEXT /probe
08:41:08.295 INFO  {https-jsse-nio-443-exec-4} [psiprobe.beans.ResourceResolverBean] Reading CONTEXT /examples
08:41:08.296 INFO  {https-jsse-nio-443-exec-4} [psiprobe.beans.ResourceResolverBean] Reading CONTEXT /resultElei
08:41:08.296 INFO  {https-jsse-nio-443-exec-4} [psiprobe.beans.ResourceResolverBean] Reading CONTEXT /host-manager
08:41:08.296 INFO  {https-jsse-nio-443-exec-4} [psiprobe.beans.ResourceResolverBean] Reading CONTEXT /docdown
08:41:08.296 INFO  {https-jsse-nio-443-exec-4} [psiprobe.beans.ResourceResolverBean] Reading CONTEXT /produtividade
08:41:08.296 INFO  {https-jsse-nio-443-exec-4} [psiprobe.beans.ResourceResolverBean] Reading CONTEXT /consger
08:41:08.296 INFO  {https-jsse-nio-443-exec-4} [psiprobe.beans.ResourceResolverBean] Reading CONTEXT /cadharpia
08:41:08.296 INFO  {https-jsse-nio-443-exec-4} [psiprobe.beans.ResourceResolverBean] Reading CONTEXT /manager
08:41:11.370 INFO  {https-jsse-nio-443-exec-6} [psiprobe.beans.ResourceResolverBean] Reading CONTEXT 
08:41:11.370 INFO  {https-jsse-nio-443-exec-6} [psiprobe.beans.ResourceResolverBean] Reading CONTEXT /agendamento
08:41:11.370 INFO  {https-jsse-nio-443-exec-6} [psiprobe.Tomcat85ContainerAdapter] reading resource: jdbc/agendamento
08:41:11.370 INFO  {https-jsse-nio-443-exec-6} [psiprobe.Tomcat85ContainerAdapter] reading resource: jdbc/package
08:41:11.371 INFO  {https-jsse-nio-443-exec-6} [psiprobe.beans.ResourceResolverBean] Reading CONTEXT /maissaude
08:41:11.371 INFO  {https-jsse-nio-443-exec-6} [psiprobe.beans.ResourceResolverBean] Reading CONTEXT /conssrh
08:41:11.371 INFO  {https-jsse-nio-443-exec-6} [psiprobe.beans.ResourceResolverBean] Reading CONTEXT /mesariovoluntario
08:41:11.371 INFO  {https-jsse-nio-443-exec-6} [psiprobe.beans.ResourceResolverBean] Reading CONTEXT /apiAcompElei
08:41:11.371 INFO  {https-jsse-nio-443-exec-6} [psiprobe.beans.ResourceResolverBean] Reading CONTEXT /docs
08:41:11.371 INFO  {https-jsse-nio-443-exec-6} [psiprobe.beans.ResourceResolverBean] Reading CONTEXT /probe
08:41:11.371 INFO  {https-jsse-nio-443-exec-6} [psiprobe.beans.ResourceResolverBean] Reading CONTEXT /examples
08:41:11.371 INFO  {https-jsse-nio-443-exec-6} [psiprobe.beans.ResourceResolverBean] Reading CONTEXT /resultElei
08:41:11.371 INFO  {https-jsse-nio-443-exec-6} [psiprobe.beans.ResourceResolverBean] Reading CONTEXT /host-manager
08:41:11.371 INFO  {https-jsse-nio-443-exec-6} [psiprobe.beans.ResourceResolverBean] Reading CONTEXT /docdown
08:41:11.371 INFO  {https-jsse-nio-443-exec-6} [psiprobe.beans.ResourceResolverBean] Reading CONTEXT /produtividade
08:41:11.371 INFO  {https-jsse-nio-443-exec-6} [psiprobe.beans.ResourceResolverBean] Reading CONTEXT /consger
08:41:11.371 INFO  {https-jsse-nio-443-exec-6} [psiprobe.beans.ResourceResolverBean] Reading CONTEXT /cadharpia
08:41:11.372 INFO  {https-jsse-nio-443-exec-6} [psiprobe.beans.ResourceResolverBean] Reading CONTEXT /manager
08:42:00.002 INFO  {scheduler_Worker-7} [psiprobe.beans.ResourceResolverBean] Reading CONTEXT 
08:42:00.002 INFO  {scheduler_Worker-7} [psiprobe.beans.ResourceResolverBean] Reading CONTEXT /agendamento
08:42:00.002 INFO  {scheduler_Worker-7} [psiprobe.Tomcat85ContainerAdapter] reading resource: jdbc/agendamento
08:42:00.002 INFO  {scheduler_Worker-7} [psiprobe.Tomcat85ContainerAdapter] reading resource: jdbc/package
08:42:00.002 INFO  {scheduler_Worker-7} [psiprobe.beans.ResourceResolverBean] Reading CONTEXT /maissaude
08:42:00.003 INFO  {scheduler_Worker-7} [psiprobe.beans.ResourceResolverBean] Reading CONTEXT /conssrh
08:42:00.003 INFO  {scheduler_Worker-7} [psiprobe.beans.ResourceResolverBean] Reading CONTEXT /mesariovoluntario
08:42:00.003 INFO  {scheduler_Worker-7} [psiprobe.beans.ResourceResolverBean] Reading CONTEXT /apiAcompElei
08:42:00.003 INFO  {scheduler_Worker-7} [psiprobe.beans.ResourceResolverBean] Reading CONTEXT /docs
08:42:00.003 INFO  {scheduler_Worker-7} [psiprobe.beans.ResourceResolverBean] Reading CONTEXT /probe
08:42:00.003 INFO  {scheduler_Worker-7} [psiprobe.beans.ResourceResolverBean] Reading CONTEXT /examples
08:42:00.003 INFO  {scheduler_Worker-7} [psiprobe.beans.ResourceResolverBean] Reading CONTEXT /resultElei
08:42:00.003 INFO  {scheduler_Worker-7} [psiprobe.beans.ResourceResolverBean] Reading CONTEXT /host-manager
08:42:00.003 INFO  {scheduler_Worker-7} [psiprobe.beans.ResourceResolverBean] Reading CONTEXT /docdown
08:42:00.003 INFO  {scheduler_Worker-7} [psiprobe.beans.ResourceResolverBean] Reading CONTEXT /produtividade
08:42:00.003 INFO  {scheduler_Worker-7} [psiprobe.beans.ResourceResolverBean] Reading CONTEXT /consger
08:42:00.003 INFO  {scheduler_Worker-7} [psiprobe.beans.ResourceResolverBean] Reading CONTEXT /cadharpia
08:42:00.003 INFO  {scheduler_Worker-7} [psiprobe.beans.ResourceResolverBean] Reading CONTEXT /manager
08:42:00.003 INFO  {scheduler_Worker-7} [psiprobe.beans.ResourceResolverBean] Reading GLOBAL resources
08:42:00.005 INFO  {scheduler_Worker-7} [psiprobe.beans.ResourceResolverBean] reading resource: Catalina:type=Resource,resourcetype=Global,class=org.apache.catalina.UserDatabase,name="UserDatabase"
08:44:00.001 INFO  {scheduler_Worker-4} [psiprobe.beans.ResourceResolverBean] Reading CONTEXT 
08:44:00.001 INFO  {scheduler_Worker-4} [psiprobe.beans.ResourceResolverBean] Reading CONTEXT /agendamento
08:44:00.001 INFO  {scheduler_Worker-4} [psiprobe.Tomcat85ContainerAdapter] reading resource: jdbc/agendamento
08:44:00.001 INFO  {scheduler_Worker-4} [psiprobe.Tomcat85ContainerAdapter] reading resource: jdbc/package
08:44:00.002 INFO  {scheduler_Worker-4} [psiprobe.beans.ResourceResolverBean] Reading CONTEXT /maissaude
08:44:00.002 INFO  {scheduler_Worker-4} [psiprobe.beans.ResourceResolverBean] Reading CONTEXT /conssrh
08:44:00.002 INFO  {scheduler_Worker-4} [psiprobe.beans.ResourceResolverBean] Reading CONTEXT /mesariovoluntario
08:44:00.002 INFO  {scheduler_Worker-4} [psiprobe.beans.ResourceResolverBean] Reading CONTEXT /apiAcompElei
08:44:00.002 INFO  {scheduler_Worker-4} [psiprobe.beans.ResourceResolverBean] Reading CONTEXT /docs
08:44:00.002 INFO  {scheduler_Worker-4} [psiprobe.beans.ResourceResolverBean] Reading CONTEXT /probe
08:44:00.002 INFO  {scheduler_Worker-4} [psiprobe.beans.ResourceResolverBean] Reading CONTEXT /examples
08:44:00.002 INFO  {scheduler_Worker-4} [psiprobe.beans.ResourceResolverBean] Reading CONTEXT /resultElei
08:44:00.002 INFO  {scheduler_Worker-4} [psiprobe.beans.ResourceResolverBean] Reading CONTEXT /host-manager
08:44:00.002 INFO  {scheduler_Worker-4} [psiprobe.beans.ResourceResolverBean] Reading CONTEXT /docdown
08:44:00.002 INFO  {scheduler_Worker-4} [psiprobe.beans.ResourceResolverBean] Reading CONTEXT /produtividade
08:44:00.002 INFO  {scheduler_Worker-4} [psiprobe.beans.ResourceResolverBean] Reading CONTEXT /consger
08:44:00.002 INFO  {scheduler_Worker-4} [psiprobe.beans.ResourceResolverBean] Reading CONTEXT /cadharpia
08:44:00.002 INFO  {scheduler_Worker-4} [psiprobe.beans.ResourceResolverBean] Reading CONTEXT /manager
08:44:00.002 INFO  {scheduler_Worker-4} [psiprobe.beans.ResourceResolverBean] Reading GLOBAL resources
08:44:00.004 INFO  {scheduler_Worker-4} [psiprobe.beans.ResourceResolverBean] reading resource: Catalina:type=Resource,resourcetype=Global,class=org.apache.catalina.UserDatabase,name="UserDatabase"
08:45:28.491 INFO  {https-jsse-nio-443-exec-5} [psiprobe.beans.ResourceResolverBean] Reading CONTEXT 
08:45:28.491 INFO  {https-jsse-nio-443-exec-5} [psiprobe.beans.ResourceResolverBean] Reading CONTEXT /agendamento
08:45:28.491 INFO  {https-jsse-nio-443-exec-5} [psiprobe.Tomcat85ContainerAdapter] reading resource: jdbc/agendamento
08:45:28.491 INFO  {https-jsse-nio-443-exec-5} [psiprobe.Tomcat85ContainerAdapter] reading resource: jdbc/package
08:45:28.492 INFO  {https-jsse-nio-443-exec-5} [psiprobe.beans.ResourceResolverBean] Reading CONTEXT /maissaude
08:45:28.492 INFO  {https-jsse-nio-443-exec-5} [psiprobe.beans.ResourceResolverBean] Reading CONTEXT /conssrh
08:45:28.492 INFO  {https-jsse-nio-443-exec-5} [psiprobe.beans.ResourceResolverBean] Reading CONTEXT /mesariovoluntario
08:45:28.492 INFO  {https-jsse-nio-443-exec-5} [psiprobe.beans.ResourceResolverBean] Reading CONTEXT /apiAcompElei
08:45:28.492 INFO  {https-jsse-nio-443-exec-5} [psiprobe.beans.ResourceResolverBean] Reading CONTEXT /docs
08:45:28.492 INFO  {https-jsse-nio-443-exec-5} [psiprobe.beans.ResourceResolverBean] Reading CONTEXT /probe
08:45:28.492 INFO  {https-jsse-nio-443-exec-5} [psiprobe.beans.ResourceResolverBean] Reading CONTEXT /examples
08:45:28.492 INFO  {https-jsse-nio-443-exec-5} [psiprobe.beans.ResourceResolverBean] Reading CONTEXT /resultElei
08:45:28.492 INFO  {https-jsse-nio-443-exec-5} [psiprobe.beans.ResourceResolverBean] Reading CONTEXT /host-manager
08:45:28.492 INFO  {https-jsse-nio-443-exec-5} [psiprobe.beans.ResourceResolverBean] Reading CONTEXT /docdown
08:45:28.492 INFO  {https-jsse-nio-443-exec-5} [psiprobe.beans.ResourceResolverBean] Reading CONTEXT /produtividade
08:45:28.492 INFO  {https-jsse-nio-443-exec-5} [psiprobe.beans.ResourceResolverBean] Reading CONTEXT /consger
08:45:28.492 INFO  {https-jsse-nio-443-exec-5} [psiprobe.beans.ResourceResolverBean] Reading CONTEXT /cadharpia
08:45:28.492 INFO  {https-jsse-nio-443-exec-5} [psiprobe.beans.ResourceResolverBean] Reading CONTEXT /manager
08:45:39.929 WARN  {https-jsse-nio-443-exec-1} [o.s.s.w.c.HttpSessionSecurityContextRepository] Failed to create a session, as response has been committed. Unable to store SecurityContext.
08:45:40.130 WARN  {https-jsse-nio-443-exec-2} [o.s.s.w.c.HttpSessionSecurityContextRepository] Failed to create a session, as response has been committed. Unable to store SecurityContext.
08:45:40.130 WARN  {https-jsse-nio-443-exec-3} [o.s.s.w.c.HttpSessionSecurityContextRepository] Failed to create a session, as response has been committed. Unable to store SecurityContext.
08:45:40.159 WARN  {https-jsse-nio-443-exec-10} [o.s.s.w.c.HttpSessionSecurityContextRepository] Failed to create a session, as response has been committed. Unable to store SecurityContext.
08:45:40.309 WARN  {https-jsse-nio-443-exec-9} [o.s.s.w.c.HttpSessionSecurityContextRepository] Failed to create a session, as response has been committed. Unable to store SecurityContext.
08:45:40.368 WARN  {https-jsse-nio-443-exec-3} [o.s.s.w.c.HttpSessionSecurityContextRepository] Failed to create a session, as response has been committed. Unable to store SecurityContext.
08:45:40.739 WARN  {https-jsse-nio-443-exec-5} [o.s.s.w.c.HttpSessionSecurityContextRepository] Failed to create a session, as response has been committed. Unable to store SecurityContext.
08:45:51.102 INFO  {https-jsse-nio-443-exec-7} [psiprobe.beans.ResourceResolverBean] Reading CONTEXT /maissaude
08:46:00.001 INFO  {scheduler_Worker-10} [psiprobe.beans.ResourceResolverBean] Reading CONTEXT 
08:46:00.001 INFO  {scheduler_Worker-10} [psiprobe.beans.ResourceResolverBean] Reading CONTEXT /agendamento
08:46:00.001 INFO  {scheduler_Worker-10} [psiprobe.Tomcat85ContainerAdapter] reading resource: jdbc/agendamento
08:46:00.001 INFO  {scheduler_Worker-10} [psiprobe.Tomcat85ContainerAdapter] reading resource: jdbc/package
08:46:00.002 INFO  {scheduler_Worker-10} [psiprobe.beans.ResourceResolverBean] Reading CONTEXT /maissaude
08:46:00.002 INFO  {scheduler_Worker-10} [psiprobe.beans.ResourceResolverBean] Reading CONTEXT /conssrh
08:46:00.002 INFO  {scheduler_Worker-10} [psiprobe.beans.ResourceResolverBean] Reading CONTEXT /mesariovoluntario
08:46:00.002 INFO  {scheduler_Worker-10} [psiprobe.beans.ResourceResolverBean] Reading CONTEXT /apiAcompElei
08:46:00.002 INFO  {scheduler_Worker-10} [psiprobe.beans.ResourceResolverBean] Reading CONTEXT /docs
08:46:00.002 INFO  {scheduler_Worker-10} [psiprobe.beans.ResourceResolverBean] Reading CONTEXT /probe
08:46:00.002 INFO  {scheduler_Worker-10} [psiprobe.beans.ResourceResolverBean] Reading CONTEXT /examples
08:46:00.002 INFO  {scheduler_Worker-10} [psiprobe.beans.ResourceResolverBean] Reading CONTEXT /resultElei
08:46:00.002 INFO  {scheduler_Worker-10} [psiprobe.beans.ResourceResolverBean] Reading CONTEXT /host-manager
08:46:00.002 INFO  {scheduler_Worker-10} [psiprobe.beans.ResourceResolverBean] Reading CONTEXT /docdown
08:46:00.002 INFO  {scheduler_Worker-10} [psiprobe.beans.ResourceResolverBean] Reading CONTEXT /produtividade
08:46:00.002 INFO  {scheduler_Worker-10} [psiprobe.beans.ResourceResolverBean] Reading CONTEXT /consger
08:46:00.002 INFO  {scheduler_Worker-10} [psiprobe.beans.ResourceResolverBean] Reading CONTEXT /cadharpia
08:46:00.002 INFO  {scheduler_Worker-10} [psiprobe.beans.ResourceResolverBean] Reading CONTEXT /manager
08:46:00.002 INFO  {scheduler_Worker-10} [psiprobe.beans.ResourceResolverBean] Reading GLOBAL resources
08:46:00.004 INFO  {scheduler_Worker-10} [psiprobe.beans.ResourceResolverBean] reading resource: Catalina:type=Resource,resourcetype=Global,class=org.apache.catalina.UserDatabase,name="UserDatabase"
08:46:02.168 INFO  {https-jsse-nio-443-exec-6} [psiprobe.beans.ResourceResolverBean] Reading CONTEXT /maissaude
08:46:02.238 INFO  {https-jsse-nio-443-exec-3} [psiprobe.beans.ResourceResolverBean] Reading CONTEXT /maissaude
08:46:04.988 INFO  {https-jsse-nio-443-exec-5} [psiprobe.beans.ResourceResolverBean] Reading CONTEXT /maissaude
08:46:05.468 INFO  {https-jsse-nio-443-exec-4} [psiprobe.beans.ResourceResolverBean] Reading CONTEXT /maissaude
08:46:05.698 INFO  {https-jsse-nio-443-exec-6} [psiprobe.beans.ResourceResolverBean] Reading CONTEXT /maissaude
08:46:08.008 INFO  {https-jsse-nio-443-exec-10} [psiprobe.beans.ResourceResolverBean] Reading CONTEXT /maissaude
08:46:08.718 INFO  {https-jsse-nio-443-exec-3} [psiprobe.beans.ResourceResolverBean] Reading CONTEXT /maissaude
08:46:08.898 INFO  {https-jsse-nio-443-exec-9} [psiprobe.beans.ResourceResolverBean] Reading CONTEXT /maissaude
08:46:10.998 INFO  {https-jsse-nio-443-exec-1} [psiprobe.beans.ResourceResolverBean] Reading CONTEXT /maissaude
08:46:11.968 INFO  {https-jsse-nio-443-exec-2} [psiprobe.beans.ResourceResolverBean] Reading CONTEXT /maissaude
08:46:12.108 INFO  {https-jsse-nio-443-exec-7} [psiprobe.beans.ResourceResolverBean] Reading CONTEXT /maissaude
08:46:13.967 INFO  {https-jsse-nio-443-exec-4} [psiprobe.beans.ResourceResolverBean] Reading CONTEXT /maissaude
08:46:15.197 INFO  {https-jsse-nio-443-exec-6} [psiprobe.beans.ResourceResolverBean] Reading CONTEXT /maissaude
08:46:15.377 INFO  {https-jsse-nio-443-exec-10} [psiprobe.beans.ResourceResolverBean] Reading CONTEXT /maissaude
08:46:16.977 INFO  {https-jsse-nio-443-exec-3} [psiprobe.beans.ResourceResolverBean] Reading CONTEXT /maissaude
08:46:26.968 INFO  {https-jsse-nio-443-exec-7} [p.controllers.logs.DownloadLogController] Sending /opt/appsrv/tomcat/apache-tomcat-8.5.4/logs/catalina.out to 172.28.0.47 (ctis)
08:46:31.337 INFO  {https-jsse-nio-443-exec-5} [p.controllers.logs.DownloadLogController] Sending /opt/appsrv/tomcat/apache-tomcat-8.5.4/logs/probe.log to 172.28.0.47 (ctis)
